21:51:28,604 (main) WARN  [DataNucleus.General] - Extension Point "org.datanucleus.implementation_creator" not registered, but plugin "org.datanucleus.enhancer" defined in file:/home/alejandra/.m2/repository/org/datanucleus/datanucleus-enhancer/3.1.1/datanucleus-enhancer-3.1.1.jar refers to it.
21:51:28,738 (main) INFO  [DataNucleus.Enhancer] - DataNucleus Enhancer (versión 4.0.3) para el API "JDO" utilisando el JRE "{2}"
21:51:28,788 (main) INFO  [DataNucleus.Enhancer] - DataNucleus Enhancer ha terminado con exito para 0 clases.
21:51:28,788 (main) INFO  [DataNucleus.Enhancer] - DataNucleus Enhancer ha terminado sin enhance ninguna clase. Compruebe el LOG para los detalles.
23:35:11,631 (main) WARN  [DataNucleus.General] - Extension Point "org.datanucleus.implementation_creator" not registered, but plugin "org.datanucleus.enhancer" defined in file:/home/alejandra/.m2/repository/org/datanucleus/datanucleus-enhancer/3.1.1/datanucleus-enhancer-3.1.1.jar refers to it.
23:35:11,738 (main) INFO  [DataNucleus.Enhancer] - DataNucleus Enhancer (versión 4.0.3) para el API "JDO" utilisando el JRE "{2}"
23:35:11,942 (main) INFO  [DataNucleus.Enhancer] - La clase "org.dominio.Cliente" esta enhanced.
23:35:11,943 (main) INFO  [DataNucleus.Enhancer] - La clase "org.dominio.C" esta enhanced.
23:35:11,945 (main) INFO  [DataNucleus.Enhancer] - La clase "org.dominio.Factura" esta enhanced.
23:35:11,946 (main) INFO  [DataNucleus.Enhancer] - La clase "org.dominio.A" esta enhanced.
23:35:11,947 (main) INFO  [DataNucleus.Enhancer] - La clase "org.dominio.Monotributista" esta enhanced.
23:35:11,948 (main) INFO  [DataNucleus.Enhancer] - La clase "org.dominio.ResponsableInscripto" esta enhanced.
23:35:11,949 (main) INFO  [DataNucleus.Enhancer] - La clase "org.dominio.B" esta enhanced.
23:35:11,949 (main) INFO  [DataNucleus.Enhancer] - DataNucleus Enhancer ha terminado con exito para 7 clases.
00:04:03,854 (main) WARN  [DataNucleus.General] - Extension Point "org.datanucleus.implementation_creator" not registered, but plugin "org.datanucleus.enhancer" defined in file:/home/alejandra/.m2/repository/org/datanucleus/datanucleus-enhancer/3.1.1/datanucleus-enhancer-3.1.1.jar refers to it.
00:04:03,960 (main) INFO  [DataNucleus.Enhancer] - DataNucleus Enhancer (versión 4.0.3) para el API "JDO" utilisando el JRE "{2}"
00:04:04,166 (main) INFO  [DataNucleus.Enhancer] - La clase "org.dominio.Cliente" esta enhanced.
00:04:04,167 (main) INFO  [DataNucleus.Enhancer] - La clase "org.dominio.C" esta enhanced.
00:04:04,169 (main) INFO  [DataNucleus.Enhancer] - La clase "org.dominio.Factura" esta enhanced.
00:04:04,170 (main) INFO  [DataNucleus.Enhancer] - La clase "org.dominio.A" esta enhanced.
00:04:04,171 (main) INFO  [DataNucleus.Enhancer] - La clase "org.dominio.Monotributista" esta enhanced.
00:04:04,172 (main) INFO  [DataNucleus.Enhancer] - La clase "org.dominio.ResponsableInscripto" esta enhanced.
00:04:04,173 (main) INFO  [DataNucleus.Enhancer] - La clase "org.dominio.B" esta enhanced.
00:04:04,173 (main) INFO  [DataNucleus.Enhancer] - DataNucleus Enhancer ha terminado con exito para 7 clases.
00:21:59,607 (main) WARN  [DataNucleus.General] - Extension Point "org.datanucleus.implementation_creator" not registered, but plugin "org.datanucleus.enhancer" defined in file:/home/alejandra/.m2/repository/org/datanucleus/datanucleus-enhancer/3.1.1/datanucleus-enhancer-3.1.1.jar refers to it.
00:21:59,705 (main) INFO  [DataNucleus.Enhancer] - DataNucleus Enhancer (versión 4.0.3) para el API "JDO" utilisando el JRE "{2}"
00:21:59,912 (main) INFO  [DataNucleus.Enhancer] - Escribiendo el archivo de clase "/home/alejandra/prog_web2/tpEvaluativoRecuperatorio/tpEvaluativo/dominio/target/classes/org/dominio/Cliente.class" con definicion enhanced
00:21:59,916 (main) INFO  [DataNucleus.Enhancer] - Escribiendo el archivo de clase "/home/alejandra/prog_web2/tpEvaluativoRecuperatorio/tpEvaluativo/dominio/target/classes/org/dominio/C.class" con definicion enhanced
00:21:59,923 (main) INFO  [DataNucleus.Enhancer] - Escribiendo el archivo de clase "/home/alejandra/prog_web2/tpEvaluativoRecuperatorio/tpEvaluativo/dominio/target/classes/org/dominio/Factura.class" con definicion enhanced
00:21:59,928 (main) INFO  [DataNucleus.Enhancer] - Escribiendo el archivo de clase "/home/alejandra/prog_web2/tpEvaluativoRecuperatorio/tpEvaluativo/dominio/target/classes/org/dominio/A.class" con definicion enhanced
00:21:59,931 (main) INFO  [DataNucleus.Enhancer] - Escribiendo el archivo de clase "/home/alejandra/prog_web2/tpEvaluativoRecuperatorio/tpEvaluativo/dominio/target/classes/org/dominio/Monotributista.class" con definicion enhanced
00:21:59,934 (main) INFO  [DataNucleus.Enhancer] - Escribiendo el archivo de clase "/home/alejandra/prog_web2/tpEvaluativoRecuperatorio/tpEvaluativo/dominio/target/classes/org/dominio/ResponsableInscripto.class" con definicion enhanced
00:21:59,937 (main) INFO  [DataNucleus.Enhancer] - Escribiendo el archivo de clase "/home/alejandra/prog_web2/tpEvaluativoRecuperatorio/tpEvaluativo/dominio/target/classes/org/dominio/B.class" con definicion enhanced
00:21:59,937 (main) INFO  [DataNucleus.Enhancer] - DataNucleus Enhancer ha terminado con exito para 7 clases.
00:52:35,762 (main) WARN  [DataNucleus.General] - Extension Point "org.datanucleus.implementation_creator" not registered, but plugin "org.datanucleus.enhancer" defined in file:/home/alejandra/.m2/repository/org/datanucleus/datanucleus-enhancer/3.1.1/datanucleus-enhancer-3.1.1.jar refers to it.
00:52:35,864 (main) INFO  [DataNucleus.Enhancer] - DataNucleus Enhancer (versión 4.0.3) para el API "JDO" utilisando el JRE "{2}"
00:52:36,062 (main) INFO  [DataNucleus.Enhancer] - La clase "org.dominio.Cliente" esta enhanced.
00:52:36,063 (main) INFO  [DataNucleus.Enhancer] - La clase "org.dominio.C" esta enhanced.
00:52:36,065 (main) INFO  [DataNucleus.Enhancer] - La clase "org.dominio.Factura" esta enhanced.
00:52:36,066 (main) INFO  [DataNucleus.Enhancer] - La clase "org.dominio.A" esta enhanced.
00:52:36,067 (main) INFO  [DataNucleus.Enhancer] - La clase "org.dominio.Monotributista" esta enhanced.
00:52:36,068 (main) INFO  [DataNucleus.Enhancer] - La clase "org.dominio.ResponsableInscripto" esta enhanced.
00:52:36,069 (main) INFO  [DataNucleus.Enhancer] - La clase "org.dominio.B" esta enhanced.
00:52:36,069 (main) INFO  [DataNucleus.Enhancer] - DataNucleus Enhancer ha terminado con exito para 7 clases.
17:45:56,341 (main) WARN  [DataNucleus.General] - Extension Point "org.datanucleus.implementation_creator" not registered, but plugin "org.datanucleus.enhancer" defined in file:/home/pablo/.m2/repository/org/datanucleus/datanucleus-enhancer/3.1.1/datanucleus-enhancer-3.1.1.jar refers to it.
17:45:56,736 (main) INFO  [DataNucleus.Enhancer] - DataNucleus Enhancer (versión 4.0.3) para el API "JDO" utilisando el JRE "{2}"
17:45:57,229 (main) INFO  [DataNucleus.Enhancer] - Escribiendo el archivo de clase "/home/pablo/workspace/tpEvaluativoRecuperatorio/tpEvaluativo/dominio/target/classes/org/dominio/Factura.class" con definicion enhanced
17:45:57,235 (main) INFO  [DataNucleus.Enhancer] - Escribiendo el archivo de clase "/home/pablo/workspace/tpEvaluativoRecuperatorio/tpEvaluativo/dominio/target/classes/org/dominio/C.class" con definicion enhanced
17:45:57,240 (main) INFO  [DataNucleus.Enhancer] - Escribiendo el archivo de clase "/home/pablo/workspace/tpEvaluativoRecuperatorio/tpEvaluativo/dominio/target/classes/org/dominio/ResponsableInscripto.class" con definicion enhanced
17:45:57,245 (main) INFO  [DataNucleus.Enhancer] - Escribiendo el archivo de clase "/home/pablo/workspace/tpEvaluativoRecuperatorio/tpEvaluativo/dominio/target/classes/org/dominio/B.class" con definicion enhanced
17:45:57,259 (main) INFO  [DataNucleus.Enhancer] - Escribiendo el archivo de clase "/home/pablo/workspace/tpEvaluativoRecuperatorio/tpEvaluativo/dominio/target/classes/org/dominio/Monotributista.class" con definicion enhanced
17:45:57,271 (main) INFO  [DataNucleus.Enhancer] - Escribiendo el archivo de clase "/home/pablo/workspace/tpEvaluativoRecuperatorio/tpEvaluativo/dominio/target/classes/org/dominio/Cliente.class" con definicion enhanced
17:45:57,277 (main) INFO  [DataNucleus.Enhancer] - Escribiendo el archivo de clase "/home/pablo/workspace/tpEvaluativoRecuperatorio/tpEvaluativo/dominio/target/classes/org/dominio/A.class" con definicion enhanced
17:45:57,278 (main) INFO  [DataNucleus.Enhancer] - DataNucleus Enhancer ha terminado con exito para 7 clases.
18:22:54,660 (main) WARN  [DataNucleus.General] - Extension Point "org.datanucleus.implementation_creator" not registered, but plugin "org.datanucleus.enhancer" defined in file:/home/pablo/.m2/repository/org/datanucleus/datanucleus-enhancer/3.1.1/datanucleus-enhancer-3.1.1.jar refers to it.
18:22:54,987 (main) INFO  [DataNucleus.Enhancer] - DataNucleus Enhancer (versión 4.0.3) para el API "JDO" utilisando el JRE "{2}"
18:22:55,469 (main) INFO  [DataNucleus.Enhancer] - Escribiendo el archivo de clase "/home/pablo/workspace/tpEvaluativoRecuperatorio/tpEvaluativo/dominio/target/classes/org/dominio/Factura.class" con definicion enhanced
18:22:55,475 (main) INFO  [DataNucleus.Enhancer] - Escribiendo el archivo de clase "/home/pablo/workspace/tpEvaluativoRecuperatorio/tpEvaluativo/dominio/target/classes/org/dominio/C.class" con definicion enhanced
18:22:55,480 (main) INFO  [DataNucleus.Enhancer] - Escribiendo el archivo de clase "/home/pablo/workspace/tpEvaluativoRecuperatorio/tpEvaluativo/dominio/target/classes/org/dominio/ResponsableInscripto.class" con definicion enhanced
18:22:55,484 (main) INFO  [DataNucleus.Enhancer] - Escribiendo el archivo de clase "/home/pablo/workspace/tpEvaluativoRecuperatorio/tpEvaluativo/dominio/target/classes/org/dominio/B.class" con definicion enhanced
18:22:55,499 (main) INFO  [DataNucleus.Enhancer] - Escribiendo el archivo de clase "/home/pablo/workspace/tpEvaluativoRecuperatorio/tpEvaluativo/dominio/target/classes/org/dominio/Monotributista.class" con definicion enhanced
18:22:55,511 (main) INFO  [DataNucleus.Enhancer] - Escribiendo el archivo de clase "/home/pablo/workspace/tpEvaluativoRecuperatorio/tpEvaluativo/dominio/target/classes/org/dominio/Cliente.class" con definicion enhanced
18:22:55,516 (main) INFO  [DataNucleus.Enhancer] - Escribiendo el archivo de clase "/home/pablo/workspace/tpEvaluativoRecuperatorio/tpEvaluativo/dominio/target/classes/org/dominio/A.class" con definicion enhanced
18:22:55,517 (main) INFO  [DataNucleus.Enhancer] - DataNucleus Enhancer ha terminado con exito para 7 clases.
18:30:29,091 (main) WARN  [DataNucleus.General] - Extension Point "org.datanucleus.implementation_creator" not registered, but plugin "org.datanucleus.enhancer" defined in file:/home/pablo/.m2/repository/org/datanucleus/datanucleus-enhancer/3.1.1/datanucleus-enhancer-3.1.1.jar refers to it.
18:30:29,378 (main) INFO  [DataNucleus.Enhancer] - DataNucleus Enhancer (versión 4.0.3) para el API "JDO" utilisando el JRE "{2}"
18:30:29,859 (main) INFO  [DataNucleus.Enhancer] - Escribiendo el archivo de clase "/home/pablo/workspace/tpEvaluativoRecuperatorio/tpEvaluativo/dominio/target/classes/org/dominio/Factura.class" con definicion enhanced
18:30:29,865 (main) INFO  [DataNucleus.Enhancer] - Escribiendo el archivo de clase "/home/pablo/workspace/tpEvaluativoRecuperatorio/tpEvaluativo/dominio/target/classes/org/dominio/C.class" con definicion enhanced
18:30:29,870 (main) INFO  [DataNucleus.Enhancer] - Escribiendo el archivo de clase "/home/pablo/workspace/tpEvaluativoRecuperatorio/tpEvaluativo/dominio/target/classes/org/dominio/ResponsableInscripto.class" con definicion enhanced
18:30:29,875 (main) INFO  [DataNucleus.Enhancer] - Escribiendo el archivo de clase "/home/pablo/workspace/tpEvaluativoRecuperatorio/tpEvaluativo/dominio/target/classes/org/dominio/B.class" con definicion enhanced
18:30:29,894 (main) INFO  [DataNucleus.Enhancer] - Escribiendo el archivo de clase "/home/pablo/workspace/tpEvaluativoRecuperatorio/tpEvaluativo/dominio/target/classes/org/dominio/Monotributista.class" con definicion enhanced
18:30:29,905 (main) INFO  [DataNucleus.Enhancer] - Escribiendo el archivo de clase "/home/pablo/workspace/tpEvaluativoRecuperatorio/tpEvaluativo/dominio/target/classes/org/dominio/Cliente.class" con definicion enhanced
18:30:29,911 (main) INFO  [DataNucleus.Enhancer] - Escribiendo el archivo de clase "/home/pablo/workspace/tpEvaluativoRecuperatorio/tpEvaluativo/dominio/target/classes/org/dominio/A.class" con definicion enhanced
18:30:29,912 (main) INFO  [DataNucleus.Enhancer] - DataNucleus Enhancer ha terminado con exito para 7 clases.
18:40:03,369 (main) WARN  [DataNucleus.General] - Extension Point "org.datanucleus.implementation_creator" not registered, but plugin "org.datanucleus.enhancer" defined in file:/home/pablo/.m2/repository/org/datanucleus/datanucleus-enhancer/3.1.1/datanucleus-enhancer-3.1.1.jar refers to it.
18:40:03,673 (main) INFO  [DataNucleus.Enhancer] - DataNucleus Enhancer (versión 4.0.3) para el API "JDO" utilisando el JRE "{2}"
18:40:04,158 (main) INFO  [DataNucleus.Enhancer] - Escribiendo el archivo de clase "/home/pablo/workspace/tpEvaluativoRecuperatorio/tpEvaluativo/dominio/target/classes/org/dominio/Factura.class" con definicion enhanced
18:40:04,164 (main) INFO  [DataNucleus.Enhancer] - Escribiendo el archivo de clase "/home/pablo/workspace/tpEvaluativoRecuperatorio/tpEvaluativo/dominio/target/classes/org/dominio/C.class" con definicion enhanced
18:40:04,169 (main) INFO  [DataNucleus.Enhancer] - Escribiendo el archivo de clase "/home/pablo/workspace/tpEvaluativoRecuperatorio/tpEvaluativo/dominio/target/classes/org/dominio/ResponsableInscripto.class" con definicion enhanced
18:40:04,174 (main) INFO  [DataNucleus.Enhancer] - Escribiendo el archivo de clase "/home/pablo/workspace/tpEvaluativoRecuperatorio/tpEvaluativo/dominio/target/classes/org/dominio/B.class" con definicion enhanced
18:40:04,191 (main) INFO  [DataNucleus.Enhancer] - Escribiendo el archivo de clase "/home/pablo/workspace/tpEvaluativoRecuperatorio/tpEvaluativo/dominio/target/classes/org/dominio/Monotributista.class" con definicion enhanced
18:40:04,202 (main) INFO  [DataNucleus.Enhancer] - Escribiendo el archivo de clase "/home/pablo/workspace/tpEvaluativoRecuperatorio/tpEvaluativo/dominio/target/classes/org/dominio/Cliente.class" con definicion enhanced
18:40:04,207 (main) INFO  [DataNucleus.Enhancer] - Escribiendo el archivo de clase "/home/pablo/workspace/tpEvaluativoRecuperatorio/tpEvaluativo/dominio/target/classes/org/dominio/A.class" con definicion enhanced
18:40:04,208 (main) INFO  [DataNucleus.Enhancer] - DataNucleus Enhancer ha terminado con exito para 7 clases.
18:44:26,938 (main) WARN  [DataNucleus.General] - Extension Point "org.datanucleus.implementation_creator" not registered, but plugin "org.datanucleus.enhancer" defined in file:/home/pablo/.m2/repository/org/datanucleus/datanucleus-enhancer/3.1.1/datanucleus-enhancer-3.1.1.jar refers to it.
18:44:27,287 (main) INFO  [DataNucleus.Enhancer] - DataNucleus Enhancer (versión 4.0.3) para el API "JDO" utilisando el JRE "{2}"
18:44:27,827 (main) INFO  [DataNucleus.Enhancer] - Escribiendo el archivo de clase "/home/pablo/workspace/tpEvaluativoRecuperatorio/tpEvaluativo/dominio/target/classes/org/dominio/Factura.class" con definicion enhanced
18:44:27,833 (main) INFO  [DataNucleus.Enhancer] - Escribiendo el archivo de clase "/home/pablo/workspace/tpEvaluativoRecuperatorio/tpEvaluativo/dominio/target/classes/org/dominio/C.class" con definicion enhanced
18:44:27,838 (main) INFO  [DataNucleus.Enhancer] - Escribiendo el archivo de clase "/home/pablo/workspace/tpEvaluativoRecuperatorio/tpEvaluativo/dominio/target/classes/org/dominio/ResponsableInscripto.class" con definicion enhanced
18:44:27,843 (main) INFO  [DataNucleus.Enhancer] - Escribiendo el archivo de clase "/home/pablo/workspace/tpEvaluativoRecuperatorio/tpEvaluativo/dominio/target/classes/org/dominio/B.class" con definicion enhanced
18:44:27,859 (main) INFO  [DataNucleus.Enhancer] - Escribiendo el archivo de clase "/home/pablo/workspace/tpEvaluativoRecuperatorio/tpEvaluativo/dominio/target/classes/org/dominio/Monotributista.class" con definicion enhanced
18:44:27,870 (main) INFO  [DataNucleus.Enhancer] - Escribiendo el archivo de clase "/home/pablo/workspace/tpEvaluativoRecuperatorio/tpEvaluativo/dominio/target/classes/org/dominio/Cliente.class" con definicion enhanced
18:44:27,877 (main) INFO  [DataNucleus.Enhancer] - Escribiendo el archivo de clase "/home/pablo/workspace/tpEvaluativoRecuperatorio/tpEvaluativo/dominio/target/classes/org/dominio/A.class" con definicion enhanced
18:44:27,878 (main) INFO  [DataNucleus.Enhancer] - DataNucleus Enhancer ha terminado con exito para 7 clases.
18:48:58,866 (main) WARN  [DataNucleus.General] - Extension Point "org.datanucleus.implementation_creator" not registered, but plugin "org.datanucleus.enhancer" defined in file:/home/pablo/.m2/repository/org/datanucleus/datanucleus-enhancer/3.1.1/datanucleus-enhancer-3.1.1.jar refers to it.
18:48:59,196 (main) INFO  [DataNucleus.Enhancer] - DataNucleus Enhancer (versión 4.0.3) para el API "JDO" utilisando el JRE "{2}"
18:48:59,694 (main) INFO  [DataNucleus.Enhancer] - Escribiendo el archivo de clase "/home/pablo/workspace/tpEvaluativoRecuperatorio/tpEvaluativo/dominio/target/classes/org/dominio/Factura.class" con definicion enhanced
18:48:59,700 (main) INFO  [DataNucleus.Enhancer] - Escribiendo el archivo de clase "/home/pablo/workspace/tpEvaluativoRecuperatorio/tpEvaluativo/dominio/target/classes/org/dominio/C.class" con definicion enhanced
18:48:59,705 (main) INFO  [DataNucleus.Enhancer] - Escribiendo el archivo de clase "/home/pablo/workspace/tpEvaluativoRecuperatorio/tpEvaluativo/dominio/target/classes/org/dominio/ResponsableInscripto.class" con definicion enhanced
18:48:59,709 (main) INFO  [DataNucleus.Enhancer] - Escribiendo el archivo de clase "/home/pablo/workspace/tpEvaluativoRecuperatorio/tpEvaluativo/dominio/target/classes/org/dominio/B.class" con definicion enhanced
18:48:59,725 (main) INFO  [DataNucleus.Enhancer] - Escribiendo el archivo de clase "/home/pablo/workspace/tpEvaluativoRecuperatorio/tpEvaluativo/dominio/target/classes/org/dominio/Monotributista.class" con definicion enhanced
18:48:59,737 (main) INFO  [DataNucleus.Enhancer] - Escribiendo el archivo de clase "/home/pablo/workspace/tpEvaluativoRecuperatorio/tpEvaluativo/dominio/target/classes/org/dominio/Cliente.class" con definicion enhanced
18:48:59,743 (main) INFO  [DataNucleus.Enhancer] - Escribiendo el archivo de clase "/home/pablo/workspace/tpEvaluativoRecuperatorio/tpEvaluativo/dominio/target/classes/org/dominio/A.class" con definicion enhanced
18:48:59,744 (main) INFO  [DataNucleus.Enhancer] - DataNucleus Enhancer ha terminado con exito para 7 clases.
18:52:15,157 (main) WARN  [DataNucleus.General] - Extension Point "org.datanucleus.implementation_creator" not registered, but plugin "org.datanucleus.enhancer" defined in file:/home/pablo/.m2/repository/org/datanucleus/datanucleus-enhancer/3.1.1/datanucleus-enhancer-3.1.1.jar refers to it.
18:52:15,466 (main) INFO  [DataNucleus.Enhancer] - DataNucleus Enhancer (versión 4.0.3) para el API "JDO" utilisando el JRE "{2}"
18:52:15,952 (main) INFO  [DataNucleus.Enhancer] - Escribiendo el archivo de clase "/home/pablo/workspace/tpEvaluativoRecuperatorio/tpEvaluativo/dominio/target/classes/org/dominio/Factura.class" con definicion enhanced
18:52:15,958 (main) INFO  [DataNucleus.Enhancer] - Escribiendo el archivo de clase "/home/pablo/workspace/tpEvaluativoRecuperatorio/tpEvaluativo/dominio/target/classes/org/dominio/C.class" con definicion enhanced
18:52:15,963 (main) INFO  [DataNucleus.Enhancer] - Escribiendo el archivo de clase "/home/pablo/workspace/tpEvaluativoRecuperatorio/tpEvaluativo/dominio/target/classes/org/dominio/ResponsableInscripto.class" con definicion enhanced
18:52:15,968 (main) INFO  [DataNucleus.Enhancer] - Escribiendo el archivo de clase "/home/pablo/workspace/tpEvaluativoRecuperatorio/tpEvaluativo/dominio/target/classes/org/dominio/B.class" con definicion enhanced
18:52:15,982 (main) INFO  [DataNucleus.Enhancer] - Escribiendo el archivo de clase "/home/pablo/workspace/tpEvaluativoRecuperatorio/tpEvaluativo/dominio/target/classes/org/dominio/Monotributista.class" con definicion enhanced
18:52:15,994 (main) INFO  [DataNucleus.Enhancer] - Escribiendo el archivo de clase "/home/pablo/workspace/tpEvaluativoRecuperatorio/tpEvaluativo/dominio/target/classes/org/dominio/Cliente.class" con definicion enhanced
18:52:16,000 (main) INFO  [DataNucleus.Enhancer] - Escribiendo el archivo de clase "/home/pablo/workspace/tpEvaluativoRecuperatorio/tpEvaluativo/dominio/target/classes/org/dominio/A.class" con definicion enhanced
18:52:16,001 (main) INFO  [DataNucleus.Enhancer] - DataNucleus Enhancer ha terminado con exito para 7 clases.
18:53:53,046 (main) WARN  [DataNucleus.General] - Extension Point "org.datanucleus.implementation_creator" not registered, but plugin "org.datanucleus.enhancer" defined in file:/home/pablo/.m2/repository/org/datanucleus/datanucleus-enhancer/3.1.1/datanucleus-enhancer-3.1.1.jar refers to it.
18:53:53,338 (main) INFO  [DataNucleus.Enhancer] - DataNucleus Enhancer (versión 4.0.3) para el API "JDO" utilisando el JRE "{2}"
18:53:53,818 (main) INFO  [DataNucleus.Enhancer] - Escribiendo el archivo de clase "/home/pablo/workspace/tpEvaluativoRecuperatorio/tpEvaluativo/dominio/target/classes/org/dominio/Factura.class" con definicion enhanced
18:53:53,827 (main) INFO  [DataNucleus.Enhancer] - Escribiendo el archivo de clase "/home/pablo/workspace/tpEvaluativoRecuperatorio/tpEvaluativo/dominio/target/classes/org/dominio/C.class" con definicion enhanced
18:53:53,832 (main) INFO  [DataNucleus.Enhancer] - Escribiendo el archivo de clase "/home/pablo/workspace/tpEvaluativoRecuperatorio/tpEvaluativo/dominio/target/classes/org/dominio/ResponsableInscripto.class" con definicion enhanced
18:53:53,837 (main) INFO  [DataNucleus.Enhancer] - Escribiendo el archivo de clase "/home/pablo/workspace/tpEvaluativoRecuperatorio/tpEvaluativo/dominio/target/classes/org/dominio/B.class" con definicion enhanced
18:53:53,854 (main) INFO  [DataNucleus.Enhancer] - Escribiendo el archivo de clase "/home/pablo/workspace/tpEvaluativoRecuperatorio/tpEvaluativo/dominio/target/classes/org/dominio/Monotributista.class" con definicion enhanced
18:53:53,869 (main) INFO  [DataNucleus.Enhancer] - Escribiendo el archivo de clase "/home/pablo/workspace/tpEvaluativoRecuperatorio/tpEvaluativo/dominio/target/classes/org/dominio/Cliente.class" con definicion enhanced
18:53:53,874 (main) INFO  [DataNucleus.Enhancer] - Escribiendo el archivo de clase "/home/pablo/workspace/tpEvaluativoRecuperatorio/tpEvaluativo/dominio/target/classes/org/dominio/A.class" con definicion enhanced
18:53:53,875 (main) INFO  [DataNucleus.Enhancer] - DataNucleus Enhancer ha terminado con exito para 7 clases.
18:58:14,813 (main) WARN  [DataNucleus.General] - Extension Point "org.datanucleus.implementation_creator" not registered, but plugin "org.datanucleus.enhancer" defined in file:/home/pablo/.m2/repository/org/datanucleus/datanucleus-enhancer/3.1.1/datanucleus-enhancer-3.1.1.jar refers to it.
18:58:15,111 (main) INFO  [DataNucleus.Enhancer] - DataNucleus Enhancer (versión 4.0.3) para el API "JDO" utilisando el JRE "{2}"
18:58:15,622 (main) INFO  [DataNucleus.Enhancer] - Escribiendo el archivo de clase "/home/pablo/workspace/tpEvaluativoRecuperatorio/tpEvaluativo/dominio/target/classes/org/dominio/Factura.class" con definicion enhanced
18:58:15,628 (main) INFO  [DataNucleus.Enhancer] - Escribiendo el archivo de clase "/home/pablo/workspace/tpEvaluativoRecuperatorio/tpEvaluativo/dominio/target/classes/org/dominio/C.class" con definicion enhanced
18:58:15,633 (main) INFO  [DataNucleus.Enhancer] - Escribiendo el archivo de clase "/home/pablo/workspace/tpEvaluativoRecuperatorio/tpEvaluativo/dominio/target/classes/org/dominio/ResponsableInscripto.class" con definicion enhanced
18:58:15,638 (main) INFO  [DataNucleus.Enhancer] - Escribiendo el archivo de clase "/home/pablo/workspace/tpEvaluativoRecuperatorio/tpEvaluativo/dominio/target/classes/org/dominio/B.class" con definicion enhanced
18:58:15,642 (main) INFO  [DataNucleus.Enhancer] - Escribiendo el archivo de clase "/home/pablo/workspace/tpEvaluativoRecuperatorio/tpEvaluativo/dominio/target/classes/org/dominio/Monotributista.class" con definicion enhanced
18:58:15,666 (main) INFO  [DataNucleus.Enhancer] - Escribiendo el archivo de clase "/home/pablo/workspace/tpEvaluativoRecuperatorio/tpEvaluativo/dominio/target/classes/org/dominio/Cliente.class" con definicion enhanced
18:58:15,672 (main) INFO  [DataNucleus.Enhancer] - Escribiendo el archivo de clase "/home/pablo/workspace/tpEvaluativoRecuperatorio/tpEvaluativo/dominio/target/classes/org/dominio/A.class" con definicion enhanced
18:58:15,673 (main) INFO  [DataNucleus.Enhancer] - DataNucleus Enhancer ha terminado con exito para 7 clases.
19:03:38,935 (main) WARN  [DataNucleus.General] - Extension Point "org.datanucleus.implementation_creator" not registered, but plugin "org.datanucleus.enhancer" defined in file:/home/pablo/.m2/repository/org/datanucleus/datanucleus-enhancer/3.1.1/datanucleus-enhancer-3.1.1.jar refers to it.
19:03:39,231 (main) INFO  [DataNucleus.Enhancer] - DataNucleus Enhancer (versión 4.0.3) para el API "JDO" utilisando el JRE "{2}"
19:03:39,713 (main) INFO  [DataNucleus.Enhancer] - Escribiendo el archivo de clase "/home/pablo/workspace/tpEvaluativoRecuperatorio/tpEvaluativo/dominio/target/classes/org/dominio/Factura.class" con definicion enhanced
19:03:39,719 (main) INFO  [DataNucleus.Enhancer] - Escribiendo el archivo de clase "/home/pablo/workspace/tpEvaluativoRecuperatorio/tpEvaluativo/dominio/target/classes/org/dominio/C.class" con definicion enhanced
19:03:39,725 (main) INFO  [DataNucleus.Enhancer] - Escribiendo el archivo de clase "/home/pablo/workspace/tpEvaluativoRecuperatorio/tpEvaluativo/dominio/target/classes/org/dominio/ResponsableInscripto.class" con definicion enhanced
19:03:39,729 (main) INFO  [DataNucleus.Enhancer] - Escribiendo el archivo de clase "/home/pablo/workspace/tpEvaluativoRecuperatorio/tpEvaluativo/dominio/target/classes/org/dominio/B.class" con definicion enhanced
19:03:39,747 (main) INFO  [DataNucleus.Enhancer] - Escribiendo el archivo de clase "/home/pablo/workspace/tpEvaluativoRecuperatorio/tpEvaluativo/dominio/target/classes/org/dominio/Monotributista.class" con definicion enhanced
19:03:39,758 (main) INFO  [DataNucleus.Enhancer] - Escribiendo el archivo de clase "/home/pablo/workspace/tpEvaluativoRecuperatorio/tpEvaluativo/dominio/target/classes/org/dominio/Cliente.class" con definicion enhanced
19:03:39,763 (main) INFO  [DataNucleus.Enhancer] - Escribiendo el archivo de clase "/home/pablo/workspace/tpEvaluativoRecuperatorio/tpEvaluativo/dominio/target/classes/org/dominio/A.class" con definicion enhanced
19:03:39,764 (main) INFO  [DataNucleus.Enhancer] - DataNucleus Enhancer ha terminado con exito para 7 clases.
19:09:12,219 (main) WARN  [DataNucleus.General] - Extension Point "org.datanucleus.implementation_creator" not registered, but plugin "org.datanucleus.enhancer" defined in file:/home/pablo/.m2/repository/org/datanucleus/datanucleus-enhancer/3.1.1/datanucleus-enhancer-3.1.1.jar refers to it.
19:09:12,516 (main) INFO  [DataNucleus.Enhancer] - DataNucleus Enhancer (versión 4.0.3) para el API "JDO" utilisando el JRE "{2}"
19:09:12,995 (main) INFO  [DataNucleus.Enhancer] - Escribiendo el archivo de clase "/home/pablo/workspace/tpEvaluativoRecuperatorio/tpEvaluativo/dominio/target/classes/org/dominio/Factura.class" con definicion enhanced
19:09:13,001 (main) INFO  [DataNucleus.Enhancer] - Escribiendo el archivo de clase "/home/pablo/workspace/tpEvaluativoRecuperatorio/tpEvaluativo/dominio/target/classes/org/dominio/C.class" con definicion enhanced
19:09:13,006 (main) INFO  [DataNucleus.Enhancer] - Escribiendo el archivo de clase "/home/pablo/workspace/tpEvaluativoRecuperatorio/tpEvaluativo/dominio/target/classes/org/dominio/ResponsableInscripto.class" con definicion enhanced
19:09:13,011 (main) INFO  [DataNucleus.Enhancer] - Escribiendo el archivo de clase "/home/pablo/workspace/tpEvaluativoRecuperatorio/tpEvaluativo/dominio/target/classes/org/dominio/B.class" con definicion enhanced
19:09:13,028 (main) INFO  [DataNucleus.Enhancer] - Escribiendo el archivo de clase "/home/pablo/workspace/tpEvaluativoRecuperatorio/tpEvaluativo/dominio/target/classes/org/dominio/Monotributista.class" con definicion enhanced
19:09:13,039 (main) INFO  [DataNucleus.Enhancer] - Escribiendo el archivo de clase "/home/pablo/workspace/tpEvaluativoRecuperatorio/tpEvaluativo/dominio/target/classes/org/dominio/Cliente.class" con definicion enhanced
19:09:13,045 (main) INFO  [DataNucleus.Enhancer] - Escribiendo el archivo de clase "/home/pablo/workspace/tpEvaluativoRecuperatorio/tpEvaluativo/dominio/target/classes/org/dominio/A.class" con definicion enhanced
19:09:13,045 (main) INFO  [DataNucleus.Enhancer] - DataNucleus Enhancer ha terminado con exito para 7 clases.
19:10:39,680 (main) WARN  [DataNucleus.General] - Extension Point "org.datanucleus.implementation_creator" not registered, but plugin "org.datanucleus.enhancer" defined in file:/home/pablo/.m2/repository/org/datanucleus/datanucleus-enhancer/3.1.1/datanucleus-enhancer-3.1.1.jar refers to it.
19:10:39,983 (main) INFO  [DataNucleus.Enhancer] - DataNucleus Enhancer (versión 4.0.3) para el API "JDO" utilisando el JRE "{2}"
19:10:40,468 (main) INFO  [DataNucleus.Enhancer] - Escribiendo el archivo de clase "/home/pablo/workspace/tpEvaluativoRecuperatorio/tpEvaluativo/dominio/target/classes/org/dominio/Factura.class" con definicion enhanced
19:10:40,475 (main) INFO  [DataNucleus.Enhancer] - Escribiendo el archivo de clase "/home/pablo/workspace/tpEvaluativoRecuperatorio/tpEvaluativo/dominio/target/classes/org/dominio/C.class" con definicion enhanced
19:10:40,480 (main) INFO  [DataNucleus.Enhancer] - Escribiendo el archivo de clase "/home/pablo/workspace/tpEvaluativoRecuperatorio/tpEvaluativo/dominio/target/classes/org/dominio/ResponsableInscripto.class" con definicion enhanced
19:10:40,485 (main) INFO  [DataNucleus.Enhancer] - Escribiendo el archivo de clase "/home/pablo/workspace/tpEvaluativoRecuperatorio/tpEvaluativo/dominio/target/classes/org/dominio/B.class" con definicion enhanced
19:10:40,499 (main) INFO  [DataNucleus.Enhancer] - Escribiendo el archivo de clase "/home/pablo/workspace/tpEvaluativoRecuperatorio/tpEvaluativo/dominio/target/classes/org/dominio/Monotributista.class" con definicion enhanced
19:10:40,511 (main) INFO  [DataNucleus.Enhancer] - Escribiendo el archivo de clase "/home/pablo/workspace/tpEvaluativoRecuperatorio/tpEvaluativo/dominio/target/classes/org/dominio/Cliente.class" con definicion enhanced
19:10:40,517 (main) INFO  [DataNucleus.Enhancer] - Escribiendo el archivo de clase "/home/pablo/workspace/tpEvaluativoRecuperatorio/tpEvaluativo/dominio/target/classes/org/dominio/A.class" con definicion enhanced
19:10:40,518 (main) INFO  [DataNucleus.Enhancer] - DataNucleus Enhancer ha terminado con exito para 7 clases.
19:14:50,231 (main) WARN  [DataNucleus.General] - Extension Point "org.datanucleus.implementation_creator" not registered, but plugin "org.datanucleus.enhancer" defined in file:/home/pablo/.m2/repository/org/datanucleus/datanucleus-enhancer/3.1.1/datanucleus-enhancer-3.1.1.jar refers to it.
19:14:50,539 (main) INFO  [DataNucleus.Enhancer] - DataNucleus Enhancer (versión 4.0.3) para el API "JDO" utilisando el JRE "{2}"
19:14:51,023 (main) INFO  [DataNucleus.Enhancer] - Escribiendo el archivo de clase "/home/pablo/workspace/tpEvaluativoRecuperatorio/tpEvaluativo/dominio/target/classes/org/dominio/Factura.class" con definicion enhanced
19:14:51,029 (main) INFO  [DataNucleus.Enhancer] - Escribiendo el archivo de clase "/home/pablo/workspace/tpEvaluativoRecuperatorio/tpEvaluativo/dominio/target/classes/org/dominio/C.class" con definicion enhanced
19:14:51,034 (main) INFO  [DataNucleus.Enhancer] - Escribiendo el archivo de clase "/home/pablo/workspace/tpEvaluativoRecuperatorio/tpEvaluativo/dominio/target/classes/org/dominio/ResponsableInscripto.class" con definicion enhanced
19:14:51,039 (main) INFO  [DataNucleus.Enhancer] - Escribiendo el archivo de clase "/home/pablo/workspace/tpEvaluativoRecuperatorio/tpEvaluativo/dominio/target/classes/org/dominio/B.class" con definicion enhanced
19:14:51,055 (main) INFO  [DataNucleus.Enhancer] - Escribiendo el archivo de clase "/home/pablo/workspace/tpEvaluativoRecuperatorio/tpEvaluativo/dominio/target/classes/org/dominio/Monotributista.class" con definicion enhanced
19:14:51,067 (main) INFO  [DataNucleus.Enhancer] - Escribiendo el archivo de clase "/home/pablo/workspace/tpEvaluativoRecuperatorio/tpEvaluativo/dominio/target/classes/org/dominio/Cliente.class" con definicion enhanced
19:14:51,073 (main) INFO  [DataNucleus.Enhancer] - Escribiendo el archivo de clase "/home/pablo/workspace/tpEvaluativoRecuperatorio/tpEvaluativo/dominio/target/classes/org/dominio/A.class" con definicion enhanced
19:14:51,074 (main) INFO  [DataNucleus.Enhancer] - DataNucleus Enhancer ha terminado con exito para 7 clases.
22:55:58,430 (main) WARN  [DataNucleus.General] - Extension Point "org.datanucleus.implementation_creator" not registered, but plugin "org.datanucleus.enhancer" defined in file:/home/pablo/.m2/repository/org/datanucleus/datanucleus-enhancer/3.1.1/datanucleus-enhancer-3.1.1.jar refers to it.
22:55:58,761 (main) INFO  [DataNucleus.Enhancer] - DataNucleus Enhancer (versión 4.0.3) para el API "JDO" utilisando el JRE "{2}"
22:55:59,241 (main) INFO  [DataNucleus.Enhancer] - Escribiendo el archivo de clase "/home/pablo/workspace/tpEvaluativoRecuperatorio/tpEvaluativo/dominio/target/classes/org/dominio/Factura.class" con definicion enhanced
22:55:59,247 (main) INFO  [DataNucleus.Enhancer] - Escribiendo el archivo de clase "/home/pablo/workspace/tpEvaluativoRecuperatorio/tpEvaluativo/dominio/target/classes/org/dominio/C.class" con definicion enhanced
22:55:59,253 (main) INFO  [DataNucleus.Enhancer] - Escribiendo el archivo de clase "/home/pablo/workspace/tpEvaluativoRecuperatorio/tpEvaluativo/dominio/target/classes/org/dominio/ResponsableInscripto.class" con definicion enhanced
22:55:59,257 (main) INFO  [DataNucleus.Enhancer] - Escribiendo el archivo de clase "/home/pablo/workspace/tpEvaluativoRecuperatorio/tpEvaluativo/dominio/target/classes/org/dominio/B.class" con definicion enhanced
22:55:59,275 (main) INFO  [DataNucleus.Enhancer] - Escribiendo el archivo de clase "/home/pablo/workspace/tpEvaluativoRecuperatorio/tpEvaluativo/dominio/target/classes/org/dominio/Monotributista.class" con definicion enhanced
22:55:59,291 (main) INFO  [DataNucleus.Enhancer] - Escribiendo el archivo de clase "/home/pablo/workspace/tpEvaluativoRecuperatorio/tpEvaluativo/dominio/target/classes/org/dominio/Cliente.class" con definicion enhanced
22:55:59,296 (main) INFO  [DataNucleus.Enhancer] - Escribiendo el archivo de clase "/home/pablo/workspace/tpEvaluativoRecuperatorio/tpEvaluativo/dominio/target/classes/org/dominio/A.class" con definicion enhanced
22:55:59,297 (main) INFO  [DataNucleus.Enhancer] - DataNucleus Enhancer ha terminado con exito para 7 clases.
23:22:44,529 (main) WARN  [DataNucleus.General] - Extension Point "org.datanucleus.implementation_creator" not registered, but plugin "org.datanucleus.enhancer" defined in file:/home/pablo/.m2/repository/org/datanucleus/datanucleus-enhancer/3.1.1/datanucleus-enhancer-3.1.1.jar refers to it.
23:22:44,827 (main) INFO  [DataNucleus.Enhancer] - DataNucleus Enhancer (versión 4.0.3) para el API "JDO" utilisando el JRE "{2}"
23:22:45,308 (main) INFO  [DataNucleus.Enhancer] - Escribiendo el archivo de clase "/home/pablo/workspace/tpEvaluativoRecuperatorio/tpEvaluativo/dominio/target/classes/org/dominio/Factura.class" con definicion enhanced
23:22:45,314 (main) INFO  [DataNucleus.Enhancer] - Escribiendo el archivo de clase "/home/pablo/workspace/tpEvaluativoRecuperatorio/tpEvaluativo/dominio/target/classes/org/dominio/C.class" con definicion enhanced
23:22:45,348 (main) INFO  [DataNucleus.Enhancer] - Escribiendo el archivo de clase "/home/pablo/workspace/tpEvaluativoRecuperatorio/tpEvaluativo/dominio/target/classes/org/dominio/ResponsableInscripto.class" con definicion enhanced
23:22:45,356 (main) INFO  [DataNucleus.Enhancer] - Escribiendo el archivo de clase "/home/pablo/workspace/tpEvaluativoRecuperatorio/tpEvaluativo/dominio/target/classes/org/dominio/B.class" con definicion enhanced
23:22:45,361 (main) INFO  [DataNucleus.Enhancer] - Escribiendo el archivo de clase "/home/pablo/workspace/tpEvaluativoRecuperatorio/tpEvaluativo/dominio/target/classes/org/dominio/Monotributista.class" con definicion enhanced
23:22:45,382 (main) INFO  [DataNucleus.Enhancer] - Escribiendo el archivo de clase "/home/pablo/workspace/tpEvaluativoRecuperatorio/tpEvaluativo/dominio/target/classes/org/dominio/Cliente.class" con definicion enhanced
23:22:45,389 (main) INFO  [DataNucleus.Enhancer] - Escribiendo el archivo de clase "/home/pablo/workspace/tpEvaluativoRecuperatorio/tpEvaluativo/dominio/target/classes/org/dominio/A.class" con definicion enhanced
23:22:45,390 (main) INFO  [DataNucleus.Enhancer] - DataNucleus Enhancer ha terminado con exito para 7 clases.
23:32:28,721 (main) WARN  [DataNucleus.General] - Extension Point "org.datanucleus.implementation_creator" not registered, but plugin "org.datanucleus.enhancer" defined in file:/home/pablo/.m2/repository/org/datanucleus/datanucleus-enhancer/3.1.1/datanucleus-enhancer-3.1.1.jar refers to it.
23:32:29,049 (main) INFO  [DataNucleus.Enhancer] - DataNucleus Enhancer (versión 4.0.3) para el API "JDO" utilisando el JRE "{2}"
23:32:29,528 (main) INFO  [DataNucleus.Enhancer] - Escribiendo el archivo de clase "/home/pablo/workspace/tpEvaluativoRecuperatorio/tpEvaluativo/dominio/target/classes/org/dominio/Factura.class" con definicion enhanced
23:32:29,534 (main) INFO  [DataNucleus.Enhancer] - Escribiendo el archivo de clase "/home/pablo/workspace/tpEvaluativoRecuperatorio/tpEvaluativo/dominio/target/classes/org/dominio/C.class" con definicion enhanced
23:32:29,539 (main) INFO  [DataNucleus.Enhancer] - Escribiendo el archivo de clase "/home/pablo/workspace/tpEvaluativoRecuperatorio/tpEvaluativo/dominio/target/classes/org/dominio/ResponsableInscripto.class" con definicion enhanced
23:32:29,544 (main) INFO  [DataNucleus.Enhancer] - Escribiendo el archivo de clase "/home/pablo/workspace/tpEvaluativoRecuperatorio/tpEvaluativo/dominio/target/classes/org/dominio/B.class" con definicion enhanced
23:32:29,564 (main) INFO  [DataNucleus.Enhancer] - Escribiendo el archivo de clase "/home/pablo/workspace/tpEvaluativoRecuperatorio/tpEvaluativo/dominio/target/classes/org/dominio/Monotributista.class" con definicion enhanced
23:32:29,579 (main) INFO  [DataNucleus.Enhancer] - Escribiendo el archivo de clase "/home/pablo/workspace/tpEvaluativoRecuperatorio/tpEvaluativo/dominio/target/classes/org/dominio/Cliente.class" con definicion enhanced
23:32:29,584 (main) INFO  [DataNucleus.Enhancer] - Escribiendo el archivo de clase "/home/pablo/workspace/tpEvaluativoRecuperatorio/tpEvaluativo/dominio/target/classes/org/dominio/A.class" con definicion enhanced
23:32:29,585 (main) INFO  [DataNucleus.Enhancer] - DataNucleus Enhancer ha terminado con exito para 7 clases.
23:41:41,062 (main) WARN  [DataNucleus.General] - Extension Point "org.datanucleus.implementation_creator" not registered, but plugin "org.datanucleus.enhancer" defined in file:/home/pablo/.m2/repository/org/datanucleus/datanucleus-enhancer/3.1.1/datanucleus-enhancer-3.1.1.jar refers to it.
23:41:41,347 (main) INFO  [DataNucleus.Enhancer] - DataNucleus Enhancer (versión 4.0.3) para el API "JDO" utilisando el JRE "{2}"
23:41:41,821 (main) INFO  [DataNucleus.Enhancer] - Escribiendo el archivo de clase "/home/pablo/workspace/tpEvaluativoRecuperatorio/tpEvaluativo/dominio/target/classes/org/dominio/Factura.class" con definicion enhanced
23:41:41,829 (main) INFO  [DataNucleus.Enhancer] - Escribiendo el archivo de clase "/home/pablo/workspace/tpEvaluativoRecuperatorio/tpEvaluativo/dominio/target/classes/org/dominio/C.class" con definicion enhanced
23:41:41,845 (main) INFO  [DataNucleus.Enhancer] - Escribiendo el archivo de clase "/home/pablo/workspace/tpEvaluativoRecuperatorio/tpEvaluativo/dominio/target/classes/org/dominio/ResponsableInscripto.class" con definicion enhanced
23:41:41,852 (main) INFO  [DataNucleus.Enhancer] - Escribiendo el archivo de clase "/home/pablo/workspace/tpEvaluativoRecuperatorio/tpEvaluativo/dominio/target/classes/org/dominio/B.class" con definicion enhanced
23:41:41,880 (main) INFO  [DataNucleus.Enhancer] - Escribiendo el archivo de clase "/home/pablo/workspace/tpEvaluativoRecuperatorio/tpEvaluativo/dominio/target/classes/org/dominio/Monotributista.class" con definicion enhanced
23:41:41,895 (main) INFO  [DataNucleus.Enhancer] - Escribiendo el archivo de clase "/home/pablo/workspace/tpEvaluativoRecuperatorio/tpEvaluativo/dominio/target/classes/org/dominio/Cliente.class" con definicion enhanced
23:41:41,909 (main) INFO  [DataNucleus.Enhancer] - Escribiendo el archivo de clase "/home/pablo/workspace/tpEvaluativoRecuperatorio/tpEvaluativo/dominio/target/classes/org/dominio/A.class" con definicion enhanced
23:41:41,910 (main) INFO  [DataNucleus.Enhancer] - DataNucleus Enhancer ha terminado con exito para 7 clases.
15:25:31,705 (main) WARN  [DataNucleus.General] - Extension Point "org.datanucleus.implementation_creator" not registered, but plugin "org.datanucleus.enhancer" defined in file:/home/alejandra/.m2/repository/org/datanucleus/datanucleus-enhancer/3.1.1/datanucleus-enhancer-3.1.1.jar refers to it.
15:25:31,866 (main) INFO  [DataNucleus.Enhancer] - DataNucleus Enhancer (versión 4.0.3) para el API "JDO" utilisando el JRE "{2}"
15:25:32,133 (main) INFO  [DataNucleus.Enhancer] - Escribiendo el archivo de clase "/home/alejandra/prog_web2/tpEvaluativoRecuperatorio/tpEvaluativo/dominio/target/classes/org/dominio/Cliente.class" con definicion enhanced
15:25:32,137 (main) INFO  [DataNucleus.Enhancer] - Escribiendo el archivo de clase "/home/alejandra/prog_web2/tpEvaluativoRecuperatorio/tpEvaluativo/dominio/target/classes/org/dominio/C.class" con definicion enhanced
15:25:32,144 (main) INFO  [DataNucleus.Enhancer] - Escribiendo el archivo de clase "/home/alejandra/prog_web2/tpEvaluativoRecuperatorio/tpEvaluativo/dominio/target/classes/org/dominio/Factura.class" con definicion enhanced
15:25:32,149 (main) INFO  [DataNucleus.Enhancer] - Escribiendo el archivo de clase "/home/alejandra/prog_web2/tpEvaluativoRecuperatorio/tpEvaluativo/dominio/target/classes/org/dominio/A.class" con definicion enhanced
15:25:32,152 (main) INFO  [DataNucleus.Enhancer] - Escribiendo el archivo de clase "/home/alejandra/prog_web2/tpEvaluativoRecuperatorio/tpEvaluativo/dominio/target/classes/org/dominio/Monotributista.class" con definicion enhanced
15:25:32,156 (main) INFO  [DataNucleus.Enhancer] - Escribiendo el archivo de clase "/home/alejandra/prog_web2/tpEvaluativoRecuperatorio/tpEvaluativo/dominio/target/classes/org/dominio/ResponsableInscripto.class" con definicion enhanced
15:25:32,159 (main) INFO  [DataNucleus.Enhancer] - Escribiendo el archivo de clase "/home/alejandra/prog_web2/tpEvaluativoRecuperatorio/tpEvaluativo/dominio/target/classes/org/dominio/B.class" con definicion enhanced
15:25:32,159 (main) INFO  [DataNucleus.Enhancer] - DataNucleus Enhancer ha terminado con exito para 7 clases.
